{"level":"info","message":"Worker started on PORT 7000 PID 16300 in mode production","metadata":{"service":"user-service","timestamp":"2023-04-26T11:10:41.708Z"}}
{"level":"info","message":"Worker started on PORT 7000 PID 4524 in mode production","metadata":{"service":"user-service","timestamp":"2023-04-26T11:10:41.714Z"}}
{"level":"info","message":"Worker started on PORT 7000 PID 16620 in mode production","metadata":{"service":"user-service","timestamp":"2023-04-26T11:10:41.716Z"}}
{"level":"error","message":"jwt expired","metadata":{"service":"user-service","stack":"TokenExpiredError: jwt expired\n    at D:\\Temp\\Development\\UserEvents-main\\server\\node_modules\\jsonwebtoken\\verify.js:190:21\n    at getSecret (D:\\Temp\\Development\\UserEvents-main\\server\\node_modules\\jsonwebtoken\\verify.js:97:14)\n    at module.exports [as verify] (D:\\Temp\\Development\\UserEvents-main\\server\\node_modules\\jsonwebtoken\\verify.js:101:10)\n    at AuthService.getUsers (D:\\Temp\\Development\\UserEvents-main\\server\\services\\AuthService.js:80:38)\n    at getUsers (D:\\Temp\\Development\\UserEvents-main\\server\\controllers\\UsersAuthController.js:63:44)\n    at Layer.handle [as handle_request] (D:\\Temp\\Development\\UserEvents-main\\server\\node_modules\\express\\lib\\router\\layer.js:95:5)\n    at next (D:\\Temp\\Development\\UserEvents-main\\server\\node_modules\\express\\lib\\router\\route.js:144:13)\n    at Route.dispatch (D:\\Temp\\Development\\UserEvents-main\\server\\node_modules\\express\\lib\\router\\route.js:114:3)\n    at Layer.handle [as handle_request] (D:\\Temp\\Development\\UserEvents-main\\server\\node_modules\\express\\lib\\router\\layer.js:95:5)\n    at D:\\Temp\\Development\\UserEvents-main\\server\\node_modules\\express\\lib\\router\\index.js:284:15","timestamp":"2023-04-26T11:10:55.780Z"}}
{"level":"info","message":"Service: User test@test.com connect successfuly ... ","metadata":{"service":"user-service","timestamp":"2023-04-26T11:11:05.116Z"}}
{"level":"info","message":"Controller: User test@test.com connect successfuly ... ","metadata":{"service":"user-service","timestamp":"2023-04-26T11:11:05.118Z"}}
{"level":"info","message":"Worker started on PORT 7000 PID 4648 in mode production","metadata":{"service":"user-service","timestamp":"2023-05-16T20:15:58.253Z"}}
{"level":"info","message":"Worker started on PORT 7000 PID 21192 in mode production","metadata":{"service":"user-service","timestamp":"2023-05-16T20:15:58.255Z"}}
{"level":"info","message":"Worker started on PORT 7000 PID 20220 in mode production","metadata":{"service":"user-service","timestamp":"2023-05-16T20:15:58.255Z"}}
{"level":"info","message":"Worker started on PORT 7000 PID 17680 in mode production","metadata":{"service":"user-service","timestamp":"2023-05-16T20:15:58.255Z"}}
{"level":"info","message":"Worker started on PORT 7000 PID 1004 in mode production","metadata":{"service":"user-service","timestamp":"2023-05-16T20:15:58.255Z"}}
{"level":"info","message":"Worker started on PORT 7000 PID 9112 in mode production","metadata":{"service":"user-service","timestamp":"2023-05-16T20:15:58.256Z"}}
{"level":"info","message":"Worker started on PORT 7000 PID 18172 in mode production","metadata":{"service":"user-service","timestamp":"2023-05-16T20:15:58.256Z"}}
{"level":"info","message":"Worker started on PORT 7000 PID 11664 in mode production","metadata":{"service":"user-service","timestamp":"2023-05-16T20:15:58.255Z"}}
{"level":"info","message":"Worker started on PORT 7000 PID 1040 in mode production","metadata":{"service":"user-service","timestamp":"2023-05-16T20:15:58.256Z"}}
{"level":"info","message":"Worker started on PORT 7000 PID 12828 in mode production","metadata":{"service":"user-service","timestamp":"2023-05-16T20:15:58.255Z"}}
{"level":"info","message":"Worker started on PORT 7000 PID 3624 in mode production","metadata":{"service":"user-service","timestamp":"2023-05-16T20:15:58.256Z"}}
{"level":"error","message":"User is not authorized ... ","metadata":{"service":"user-service","stack":"Error: User is not authorized ... \n    at Function.UnauthorizedError (D:\\Temp\\Development\\ProjectCool\\5-UserEvents-VNM\\server\\helpers\\apiErrors.js:14:16)\n    at getUsers (D:\\Temp\\Development\\ProjectCool\\5-UserEvents-VNM\\server\\controllers\\UsersAuthController.js:54:32)\n    at Layer.handle [as handle_request] (D:\\Temp\\Development\\ProjectCool\\5-UserEvents-VNM\\server\\node_modules\\express\\lib\\router\\layer.js:95:5)\n    at next (D:\\Temp\\Development\\ProjectCool\\5-UserEvents-VNM\\server\\node_modules\\express\\lib\\router\\route.js:144:13)\n    at Route.dispatch (D:\\Temp\\Development\\ProjectCool\\5-UserEvents-VNM\\server\\node_modules\\express\\lib\\router\\route.js:114:3)\n    at Layer.handle [as handle_request] (D:\\Temp\\Development\\ProjectCool\\5-UserEvents-VNM\\server\\node_modules\\express\\lib\\router\\layer.js:95:5)\n    at D:\\Temp\\Development\\ProjectCool\\5-UserEvents-VNM\\server\\node_modules\\express\\lib\\router\\index.js:284:15\n    at Function.process_params (D:\\Temp\\Development\\ProjectCool\\5-UserEvents-VNM\\server\\node_modules\\express\\lib\\router\\index.js:346:12)\n    at next (D:\\Temp\\Development\\ProjectCool\\5-UserEvents-VNM\\server\\node_modules\\express\\lib\\router\\index.js:280:10)\n    at expressInit (D:\\Temp\\Development\\ProjectCool\\5-UserEvents-VNM\\server\\node_modules\\express\\lib\\middleware\\init.js:40:5)","timestamp":"2023-05-16T20:16:07.414Z"}}
{"level":"info","message":"Service: User test@test.com connect successfuly ... ","metadata":{"service":"user-service","timestamp":"2023-05-16T20:16:18.483Z"}}
{"level":"info","message":"Controller: User test@test.com connect successfuly ... ","metadata":{"service":"user-service","timestamp":"2023-05-16T20:16:18.484Z"}}
